{"/home/webreflection/code/majinbuu/test.js":{"path":"/home/webreflection/code/majinbuu/test.js","s":{"1":1,"2":1,"3":1,"4":1,"5":8,"6":1,"7":26,"8":26,"9":8,"10":8,"11":8,"12":8,"13":8,"14":8,"15":8,"16":6,"17":6,"18":6,"19":6,"20":6,"21":6,"22":1,"23":1,"24":1,"25":1,"26":1,"27":1,"28":1,"29":1,"30":1,"31":1,"32":1,"33":4,"34":4,"35":1,"36":1,"37":1,"38":1,"39":1,"40":1,"41":1,"42":1,"43":1},"b":{"1":[8,1],"2":[8,2],"3":[6,2],"4":[6,1]},"f":{"1":8,"2":26,"3":4},"fnMap":{"1":{"name":"test","line":6,"loc":{"start":{"line":6,"column":0},"end":{"line":6,"column":20}}},"2":{"name":"splice","line":8,"loc":{"start":{"line":8,"column":2},"end":{"line":8,"column":20}}},"3":{"name":"(anonymous_3)","line":41,"loc":{"start":{"line":41,"column":10},"end":{"line":41,"column":22}}}},"statementMap":{"1":{"start":{"line":1,"column":0},"end":{"line":1,"column":45}},"2":{"start":{"line":2,"column":0},"end":{"line":2,"column":37}},"3":{"start":{"line":4,"column":0},"end":{"line":4,"column":19}},"4":{"start":{"line":6,"column":0},"end":{"line":26,"column":1}},"5":{"start":{"line":7,"column":2},"end":{"line":7,"column":12}},"6":{"start":{"line":8,"column":2},"end":{"line":11,"column":3}},"7":{"start":{"line":9,"column":4},"end":{"line":9,"column":12}},"8":{"start":{"line":10,"column":4},"end":{"line":10,"column":44}},"9":{"start":{"line":12,"column":2},"end":{"line":12,"column":24}},"10":{"start":{"line":13,"column":2},"end":{"line":13,"column":24}},"11":{"start":{"line":14,"column":2},"end":{"line":14,"column":12}},"12":{"start":{"line":15,"column":2},"end":{"line":15,"column":22}},"13":{"start":{"line":16,"column":2},"end":{"line":16,"column":21}},"14":{"start":{"line":17,"column":2},"end":{"line":17,"column":108}},"15":{"start":{"line":18,"column":2},"end":{"line":25,"column":3}},"16":{"start":{"line":19,"column":4},"end":{"line":19,"column":22}},"17":{"start":{"line":20,"column":4},"end":{"line":20,"column":22}},"18":{"start":{"line":21,"column":4},"end":{"line":21,"column":14}},"19":{"start":{"line":22,"column":4},"end":{"line":22,"column":24}},"20":{"start":{"line":23,"column":4},"end":{"line":23,"column":23}},"21":{"start":{"line":24,"column":4},"end":{"line":24,"column":97}},"22":{"start":{"line":28,"column":0},"end":{"line":28,"column":13}},"23":{"start":{"line":29,"column":0},"end":{"line":29,"column":21}},"24":{"start":{"line":30,"column":0},"end":{"line":30,"column":31}},"25":{"start":{"line":31,"column":0},"end":{"line":31,"column":26}},"26":{"start":{"line":32,"column":0},"end":{"line":32,"column":16}},"27":{"start":{"line":33,"column":0},"end":{"line":33,"column":21}},"28":{"start":{"line":34,"column":0},"end":{"line":34,"column":24}},"29":{"start":{"line":35,"column":0},"end":{"line":35,"column":26}},"30":{"start":{"line":37,"column":0},"end":{"line":37,"column":24}},"31":{"start":{"line":38,"column":0},"end":{"line":38,"column":28}},"32":{"start":{"line":39,"column":0},"end":{"line":45,"column":2}},"33":{"start":{"line":42,"column":4},"end":{"line":42,"column":24}},"34":{"start":{"line":43,"column":4},"end":{"line":43,"column":53}},"35":{"start":{"line":47,"column":0},"end":{"line":47,"column":37}},"36":{"start":{"line":49,"column":0},"end":{"line":49,"column":36}},"37":{"start":{"line":50,"column":0},"end":{"line":50,"column":57}},"38":{"start":{"line":51,"column":0},"end":{"line":51,"column":62}},"39":{"start":{"line":52,"column":0},"end":{"line":52,"column":58}},"40":{"start":{"line":54,"column":0},"end":{"line":54,"column":14}},"41":{"start":{"line":55,"column":0},"end":{"line":55,"column":33}},"42":{"start":{"line":56,"column":0},"end":{"line":56,"column":27}},"43":{"start":{"line":57,"column":0},"end":{"line":57,"column":57}}},"branchMap":{"1":{"line":17,"type":"binary-expr","locations":[{"start":{"line":17,"column":69},"end":{"line":17,"column":70}},{"start":{"line":17,"column":74},"end":{"line":17,"column":83}}]},"2":{"line":17,"type":"binary-expr","locations":[{"start":{"line":17,"column":90},"end":{"line":17,"column":91}},{"start":{"line":17,"column":95},"end":{"line":17,"column":104}}]},"3":{"line":18,"type":"if","locations":[{"start":{"line":18,"column":2},"end":{"line":18,"column":2}},{"start":{"line":18,"column":2},"end":{"line":18,"column":2}}]},"4":{"line":24,"type":"binary-expr","locations":[{"start":{"line":24,"column":71},"end":{"line":24,"column":72}},{"start":{"line":24,"column":76},"end":{"line":24,"column":85}}]}}},"/home/webreflection/code/majinbuu/index.js":{"path":"/home/webreflection/code/majinbuu/index.js","s":{"1":1,"2":1,"3":1,"4":16,"5":16,"6":2,"7":1,"8":2,"9":14,"10":1,"11":1,"12":13,"13":13,"14":76,"15":13,"16":72,"17":72,"18":72,"19":72,"20":462,"21":462,"22":72,"23":13,"24":1,"25":2,"26":2,"27":1,"28":1,"29":2,"30":2,"31":2,"32":1,"33":51,"34":1,"35":13,"36":13,"37":77,"38":77,"39":77,"40":77,"41":77,"42":61,"43":61,"44":61,"45":25,"46":16,"47":9,"48":9,"49":7,"50":7,"51":13,"52":6,"53":13,"54":4,"55":13,"56":1,"57":13,"58":13,"59":12,"60":12,"61":39,"62":39,"63":23,"64":23,"65":16,"66":16,"67":16,"68":39,"69":12,"70":1,"71":4,"72":1,"73":1},"b":{"1":[2,14],"2":[1,1],"3":[1,13],"4":[66,396],"5":[90,81],"6":[61,16],"7":[77,68,61],"8":[25,36],"9":[9,7],"10":[16,9],"11":[12,1],"12":[23,16],"13":[39,30,23],"14":[5,11],"15":[3,8]},"f":{"1":1,"2":16,"3":2,"4":2,"5":51,"6":13,"7":13,"8":4},"fnMap":{"1":{"name":"(anonymous_1)","line":1,"loc":{"start":{"line":1,"column":15},"end":{"line":1,"column":27}}},"2":{"name":"majinbuu","line":15,"loc":{"start":{"line":15,"column":2},"end":{"line":15,"column":30}}},"3":{"name":"aura","line":59,"loc":{"start":{"line":59,"column":18},"end":{"line":59,"column":51}}},"4":{"name":"Aura","line":69,"loc":{"start":{"line":69,"column":2},"end":{"line":69,"column":29}}},"5":{"name":"addOperation","line":76,"loc":{"start":{"line":76,"column":2},"end":{"line":76,"column":56}}},"6":{"name":"getOperations","line":87,"loc":{"start":{"line":87,"column":2},"end":{"line":87,"column":37}}},"7":{"name":"performOperations","line":127,"loc":{"start":{"line":127,"column":2},"end":{"line":127,"column":49}}},"8":{"name":"splice","line":155,"loc":{"start":{"line":155,"column":2},"end":{"line":155,"column":20}}}},"statementMap":{"1":{"start":{"line":1,"column":0},"end":{"line":171,"column":4}},"2":{"start":{"line":6,"column":2},"end":{"line":11,"column":3}},"3":{"start":{"line":15,"column":2},"end":{"line":54,"column":3}},"4":{"start":{"line":16,"column":4},"end":{"line":24,"column":16}},"5":{"start":{"line":26,"column":4},"end":{"line":29,"column":5}},"6":{"start":{"line":27,"column":6},"end":{"line":27,"column":63}},"7":{"start":{"line":27,"column":20},"end":{"line":27,"column":63}},"8":{"start":{"line":28,"column":6},"end":{"line":28,"column":13}},"9":{"start":{"line":30,"column":4},"end":{"line":33,"column":5}},"10":{"start":{"line":31,"column":6},"end":{"line":31,"column":21}},"11":{"start":{"line":32,"column":6},"end":{"line":32,"column":13}},"12":{"start":{"line":34,"column":4},"end":{"line":34,"column":17}},"13":{"start":{"line":35,"column":4},"end":{"line":35,"column":41}},"14":{"start":{"line":35,"column":26},"end":{"line":35,"column":41}},"15":{"start":{"line":36,"column":4},"end":{"line":49,"column":5}},"16":{"start":{"line":37,"column":6},"end":{"line":37,"column":16}},"17":{"start":{"line":38,"column":6},"end":{"line":38,"column":20}},"18":{"start":{"line":39,"column":6},"end":{"line":39,"column":20}},"19":{"start":{"line":40,"column":6},"end":{"line":47,"column":7}},"20":{"start":{"line":41,"column":8},"end":{"line":45,"column":10}},"21":{"start":{"line":46,"column":8},"end":{"line":46,"column":12}},"22":{"start":{"line":48,"column":6},"end":{"line":48,"column":10}},"23":{"start":{"line":50,"column":4},"end":{"line":53,"column":6}},"24":{"start":{"line":59,"column":2},"end":{"line":62,"column":4}},"25":{"start":{"line":60,"column":4},"end":{"line":60,"column":26}},"26":{"start":{"line":61,"column":4},"end":{"line":61,"column":33}},"27":{"start":{"line":64,"column":2},"end":{"line":64,"column":18}},"28":{"start":{"line":69,"column":2},"end":{"line":73,"column":3}},"29":{"start":{"line":70,"column":4},"end":{"line":70,"column":35}},"30":{"start":{"line":71,"column":4},"end":{"line":71,"column":25}},"31":{"start":{"line":72,"column":4},"end":{"line":72,"column":25}},"32":{"start":{"line":76,"column":2},"end":{"line":84,"column":3}},"33":{"start":{"line":77,"column":4},"end":{"line":83,"column":7}},"34":{"start":{"line":87,"column":2},"end":{"line":124,"column":3}},"35":{"start":{"line":88,"column":4},"end":{"line":95,"column":5}},"36":{"start":{"line":96,"column":4},"end":{"line":116,"column":5}},"37":{"start":{"line":97,"column":6},"end":{"line":97,"column":24}},"38":{"start":{"line":98,"column":6},"end":{"line":98,"column":27}},"39":{"start":{"line":99,"column":6},"end":{"line":99,"column":28}},"40":{"start":{"line":100,"column":6},"end":{"line":100,"column":36}},"41":{"start":{"line":101,"column":6},"end":{"line":115,"column":7}},"42":{"start":{"line":102,"column":8},"end":{"line":102,"column":12}},"43":{"start":{"line":103,"column":8},"end":{"line":103,"column":12}},"44":{"start":{"line":104,"column":8},"end":{"line":106,"column":9}},"45":{"start":{"line":105,"column":10},"end":{"line":105,"column":58}},"46":{"start":{"line":108,"column":11},"end":{"line":115,"column":7}},"47":{"start":{"line":109,"column":8},"end":{"line":109,"column":12}},"48":{"start":{"line":110,"column":8},"end":{"line":110,"column":52}},"49":{"start":{"line":113,"column":8},"end":{"line":113,"column":12}},"50":{"start":{"line":114,"column":8},"end":{"line":114,"column":48}},"51":{"start":{"line":117,"column":4},"end":{"line":119,"column":5}},"52":{"start":{"line":118,"column":6},"end":{"line":118,"column":50}},"53":{"start":{"line":120,"column":4},"end":{"line":122,"column":5}},"54":{"start":{"line":121,"column":6},"end":{"line":121,"column":46}},"55":{"start":{"line":123,"column":4},"end":{"line":123,"column":16}},"56":{"start":{"line":127,"column":2},"end":{"line":152,"column":3}},"57":{"start":{"line":128,"column":4},"end":{"line":133,"column":5}},"58":{"start":{"line":134,"column":4},"end":{"line":151,"column":5}},"59":{"start":{"line":135,"column":6},"end":{"line":135,"column":34}},"60":{"start":{"line":136,"column":6},"end":{"line":149,"column":7}},"61":{"start":{"line":137,"column":8},"end":{"line":137,"column":31}},"62":{"start":{"line":138,"column":8},"end":{"line":147,"column":9}},"63":{"start":{"line":139,"column":10},"end":{"line":139,"column":33}},"64":{"start":{"line":140,"column":10},"end":{"line":140,"column":49}},"65":{"start":{"line":142,"column":10},"end":{"line":142,"column":80}},"66":{"start":{"line":143,"column":10},"end":{"line":145,"column":29}},"67":{"start":{"line":146,"column":10},"end":{"line":146,"column":20}},"68":{"start":{"line":148,"column":8},"end":{"line":148,"column":20}},"69":{"start":{"line":150,"column":6},"end":{"line":150,"column":76}},"70":{"start":{"line":155,"column":2},"end":{"line":157,"column":3}},"71":{"start":{"line":156,"column":4},"end":{"line":156,"column":50}},"72":{"start":{"line":173,"column":0},"end":{"line":173,"column":48}},"73":{"start":{"line":173,"column":6},"end":{"line":173,"column":32}}},"branchMap":{"1":{"line":26,"type":"if","locations":[{"start":{"line":26,"column":4},"end":{"line":26,"column":4}},{"start":{"line":26,"column":4},"end":{"line":26,"column":4}}]},"2":{"line":27,"type":"if","locations":[{"start":{"line":27,"column":6},"end":{"line":27,"column":6}},{"start":{"line":27,"column":6},"end":{"line":27,"column":6}}]},"3":{"line":30,"type":"if","locations":[{"start":{"line":30,"column":4},"end":{"line":30,"column":4}},{"start":{"line":30,"column":4},"end":{"line":30,"column":4}}]},"4":{"line":44,"type":"cond-expr","locations":[{"start":{"line":44,"column":40},"end":{"line":44,"column":41}},{"start":{"line":44,"column":44},"end":{"line":44,"column":45}}]},"5":{"line":96,"type":"binary-expr","locations":[{"start":{"line":96,"column":11},"end":{"line":96,"column":12}},{"start":{"line":96,"column":16},"end":{"line":96,"column":17}}]},"6":{"line":101,"type":"if","locations":[{"start":{"line":101,"column":6},"end":{"line":101,"column":6}},{"start":{"line":101,"column":6},"end":{"line":101,"column":6}}]},"7":{"line":101,"type":"binary-expr","locations":[{"start":{"line":101,"column":10},"end":{"line":101,"column":26}},{"start":{"line":101,"column":30},"end":{"line":101,"column":45}},{"start":{"line":101,"column":49},"end":{"line":101,"column":65}}]},"8":{"line":104,"type":"if","locations":[{"start":{"line":104,"column":8},"end":{"line":104,"column":8}},{"start":{"line":104,"column":8},"end":{"line":104,"column":8}}]},"9":{"line":108,"type":"if","locations":[{"start":{"line":108,"column":11},"end":{"line":108,"column":11}},{"start":{"line":108,"column":11},"end":{"line":108,"column":11}}]},"10":{"line":108,"type":"binary-expr","locations":[{"start":{"line":108,"column":15},"end":{"line":108,"column":26}},{"start":{"line":108,"column":30},"end":{"line":108,"column":42}}]},"11":{"line":134,"type":"if","locations":[{"start":{"line":134,"column":4},"end":{"line":134,"column":4}},{"start":{"line":134,"column":4},"end":{"line":134,"column":4}}]},"12":{"line":138,"type":"if","locations":[{"start":{"line":138,"column":8},"end":{"line":138,"column":8}},{"start":{"line":138,"column":8},"end":{"line":138,"column":8}}]},"13":{"line":138,"type":"binary-expr","locations":[{"start":{"line":138,"column":12},"end":{"line":138,"column":35}},{"start":{"line":138,"column":39},"end":{"line":138,"column":61}},{"start":{"line":138,"column":65},"end":{"line":138,"column":87}}]},"14":{"line":143,"type":"cond-expr","locations":[{"start":{"line":144,"column":12},"end":{"line":144,"column":27}},{"start":{"line":144,"column":31},"end":{"line":145,"column":27}}]},"15":{"line":144,"type":"cond-expr","locations":[{"start":{"line":145,"column":14},"end":{"line":145,"column":23}},{"start":{"line":145,"column":26},"end":{"line":145,"column":27}}]}}}}