{"/home/webreflection/code/majinbuu/test.js":{"path":"/home/webreflection/code/majinbuu/test.js","s":{"1":1,"2":1,"3":1,"4":1,"5":8,"6":1,"7":26,"8":26,"9":8,"10":8,"11":8,"12":8,"13":8,"14":8,"15":8,"16":6,"17":6,"18":6,"19":6,"20":6,"21":6,"22":1,"23":1,"24":1,"25":1,"26":1,"27":1,"28":1,"29":1,"30":1,"31":1,"32":1,"33":2,"34":2,"35":1,"36":1,"37":1,"38":1,"39":1},"b":{"1":[8,1],"2":[8,2],"3":[6,2],"4":[6,1]},"f":{"1":8,"2":26,"3":2},"fnMap":{"1":{"name":"test","line":6,"loc":{"start":{"line":6,"column":0},"end":{"line":6,"column":20}}},"2":{"name":"splice","line":8,"loc":{"start":{"line":8,"column":2},"end":{"line":8,"column":20}}},"3":{"name":"(anonymous_3)","line":41,"loc":{"start":{"line":41,"column":10},"end":{"line":41,"column":22}}}},"statementMap":{"1":{"start":{"line":1,"column":0},"end":{"line":1,"column":45}},"2":{"start":{"line":2,"column":0},"end":{"line":2,"column":37}},"3":{"start":{"line":4,"column":0},"end":{"line":4,"column":19}},"4":{"start":{"line":6,"column":0},"end":{"line":26,"column":1}},"5":{"start":{"line":7,"column":2},"end":{"line":7,"column":12}},"6":{"start":{"line":8,"column":2},"end":{"line":11,"column":3}},"7":{"start":{"line":9,"column":4},"end":{"line":9,"column":12}},"8":{"start":{"line":10,"column":4},"end":{"line":10,"column":44}},"9":{"start":{"line":12,"column":2},"end":{"line":12,"column":24}},"10":{"start":{"line":13,"column":2},"end":{"line":13,"column":24}},"11":{"start":{"line":14,"column":2},"end":{"line":14,"column":12}},"12":{"start":{"line":15,"column":2},"end":{"line":15,"column":22}},"13":{"start":{"line":16,"column":2},"end":{"line":16,"column":21}},"14":{"start":{"line":17,"column":2},"end":{"line":17,"column":108}},"15":{"start":{"line":18,"column":2},"end":{"line":25,"column":3}},"16":{"start":{"line":19,"column":4},"end":{"line":19,"column":22}},"17":{"start":{"line":20,"column":4},"end":{"line":20,"column":22}},"18":{"start":{"line":21,"column":4},"end":{"line":21,"column":14}},"19":{"start":{"line":22,"column":4},"end":{"line":22,"column":24}},"20":{"start":{"line":23,"column":4},"end":{"line":23,"column":23}},"21":{"start":{"line":24,"column":4},"end":{"line":24,"column":97}},"22":{"start":{"line":28,"column":0},"end":{"line":28,"column":13}},"23":{"start":{"line":29,"column":0},"end":{"line":29,"column":21}},"24":{"start":{"line":30,"column":0},"end":{"line":30,"column":31}},"25":{"start":{"line":31,"column":0},"end":{"line":31,"column":26}},"26":{"start":{"line":32,"column":0},"end":{"line":32,"column":16}},"27":{"start":{"line":33,"column":0},"end":{"line":33,"column":21}},"28":{"start":{"line":34,"column":0},"end":{"line":34,"column":24}},"29":{"start":{"line":35,"column":0},"end":{"line":35,"column":26}},"30":{"start":{"line":37,"column":0},"end":{"line":37,"column":24}},"31":{"start":{"line":38,"column":0},"end":{"line":38,"column":28}},"32":{"start":{"line":39,"column":0},"end":{"line":45,"column":2}},"33":{"start":{"line":42,"column":4},"end":{"line":42,"column":24}},"34":{"start":{"line":43,"column":4},"end":{"line":43,"column":53}},"35":{"start":{"line":47,"column":0},"end":{"line":47,"column":37}},"36":{"start":{"line":49,"column":0},"end":{"line":49,"column":36}},"37":{"start":{"line":50,"column":0},"end":{"line":50,"column":57}},"38":{"start":{"line":51,"column":0},"end":{"line":51,"column":62}},"39":{"start":{"line":52,"column":0},"end":{"line":52,"column":58}}},"branchMap":{"1":{"line":17,"type":"binary-expr","locations":[{"start":{"line":17,"column":69},"end":{"line":17,"column":70}},{"start":{"line":17,"column":74},"end":{"line":17,"column":83}}]},"2":{"line":17,"type":"binary-expr","locations":[{"start":{"line":17,"column":90},"end":{"line":17,"column":91}},{"start":{"line":17,"column":95},"end":{"line":17,"column":104}}]},"3":{"line":18,"type":"if","locations":[{"start":{"line":18,"column":2},"end":{"line":18,"column":2}},{"start":{"line":18,"column":2},"end":{"line":18,"column":2}}]},"4":{"line":24,"type":"binary-expr","locations":[{"start":{"line":24,"column":71},"end":{"line":24,"column":72}},{"start":{"line":24,"column":76},"end":{"line":24,"column":85}}]}}},"/home/webreflection/code/majinbuu/index.js":{"path":"/home/webreflection/code/majinbuu/index.js","s":{"1":1,"2":1,"3":1,"4":15,"5":15,"6":2,"7":1,"8":2,"9":13,"10":1,"11":12,"12":12,"13":74,"14":12,"15":71,"16":71,"17":71,"18":71,"19":460,"20":460,"21":71,"22":12,"23":1,"24":1,"25":1,"26":1,"27":1,"28":1,"29":1,"30":1,"31":1,"32":49,"33":1,"34":12,"35":12,"36":76,"37":76,"38":76,"39":76,"40":76,"41":60,"42":60,"43":60,"44":24,"45":16,"46":9,"47":9,"48":7,"49":7,"50":12,"51":5,"52":12,"53":4,"54":12,"55":1,"56":12,"57":12,"58":11,"59":11,"60":38,"61":38,"62":23,"63":23,"64":15,"65":15,"66":15,"67":38,"68":11,"69":1,"70":2,"71":1,"72":1},"b":{"1":[2,13],"2":[1,1],"3":[1,12],"4":[66,394],"5":[88,79],"6":[60,16],"7":[76,67,60],"8":[24,36],"9":[9,7],"10":[16,9],"11":[11,1],"12":[23,15],"13":[38,30,23],"14":[4,11],"15":[3,8]},"f":{"1":1,"2":15,"3":1,"4":1,"5":49,"6":12,"7":12,"8":2},"fnMap":{"1":{"name":"(anonymous_1)","line":1,"loc":{"start":{"line":1,"column":15},"end":{"line":1,"column":27}}},"2":{"name":"majinbuu","line":15,"loc":{"start":{"line":15,"column":2},"end":{"line":15,"column":30}}},"3":{"name":"aura","line":58,"loc":{"start":{"line":58,"column":18},"end":{"line":58,"column":51}}},"4":{"name":"Aura","line":68,"loc":{"start":{"line":68,"column":2},"end":{"line":68,"column":29}}},"5":{"name":"addOperation","line":75,"loc":{"start":{"line":75,"column":2},"end":{"line":75,"column":56}}},"6":{"name":"getOperations","line":86,"loc":{"start":{"line":86,"column":2},"end":{"line":86,"column":37}}},"7":{"name":"performOperations","line":126,"loc":{"start":{"line":126,"column":2},"end":{"line":126,"column":49}}},"8":{"name":"splice","line":154,"loc":{"start":{"line":154,"column":2},"end":{"line":154,"column":20}}}},"statementMap":{"1":{"start":{"line":1,"column":0},"end":{"line":170,"column":4}},"2":{"start":{"line":6,"column":2},"end":{"line":11,"column":3}},"3":{"start":{"line":15,"column":2},"end":{"line":53,"column":3}},"4":{"start":{"line":16,"column":4},"end":{"line":24,"column":16}},"5":{"start":{"line":26,"column":4},"end":{"line":29,"column":5}},"6":{"start":{"line":27,"column":6},"end":{"line":27,"column":63}},"7":{"start":{"line":27,"column":20},"end":{"line":27,"column":63}},"8":{"start":{"line":28,"column":6},"end":{"line":28,"column":13}},"9":{"start":{"line":30,"column":4},"end":{"line":32,"column":5}},"10":{"start":{"line":31,"column":6},"end":{"line":31,"column":28}},"11":{"start":{"line":33,"column":4},"end":{"line":33,"column":17}},"12":{"start":{"line":34,"column":4},"end":{"line":34,"column":41}},"13":{"start":{"line":34,"column":26},"end":{"line":34,"column":41}},"14":{"start":{"line":35,"column":4},"end":{"line":48,"column":5}},"15":{"start":{"line":36,"column":6},"end":{"line":36,"column":16}},"16":{"start":{"line":37,"column":6},"end":{"line":37,"column":20}},"17":{"start":{"line":38,"column":6},"end":{"line":38,"column":20}},"18":{"start":{"line":39,"column":6},"end":{"line":46,"column":7}},"19":{"start":{"line":40,"column":8},"end":{"line":44,"column":10}},"20":{"start":{"line":45,"column":8},"end":{"line":45,"column":12}},"21":{"start":{"line":47,"column":6},"end":{"line":47,"column":10}},"22":{"start":{"line":49,"column":4},"end":{"line":52,"column":6}},"23":{"start":{"line":58,"column":2},"end":{"line":61,"column":4}},"24":{"start":{"line":59,"column":4},"end":{"line":59,"column":26}},"25":{"start":{"line":60,"column":4},"end":{"line":60,"column":33}},"26":{"start":{"line":63,"column":2},"end":{"line":63,"column":18}},"27":{"start":{"line":68,"column":2},"end":{"line":72,"column":3}},"28":{"start":{"line":69,"column":4},"end":{"line":69,"column":35}},"29":{"start":{"line":70,"column":4},"end":{"line":70,"column":25}},"30":{"start":{"line":71,"column":4},"end":{"line":71,"column":25}},"31":{"start":{"line":75,"column":2},"end":{"line":83,"column":3}},"32":{"start":{"line":76,"column":4},"end":{"line":82,"column":7}},"33":{"start":{"line":86,"column":2},"end":{"line":123,"column":3}},"34":{"start":{"line":87,"column":4},"end":{"line":94,"column":5}},"35":{"start":{"line":95,"column":4},"end":{"line":115,"column":5}},"36":{"start":{"line":96,"column":6},"end":{"line":96,"column":24}},"37":{"start":{"line":97,"column":6},"end":{"line":97,"column":27}},"38":{"start":{"line":98,"column":6},"end":{"line":98,"column":28}},"39":{"start":{"line":99,"column":6},"end":{"line":99,"column":36}},"40":{"start":{"line":100,"column":6},"end":{"line":114,"column":7}},"41":{"start":{"line":101,"column":8},"end":{"line":101,"column":12}},"42":{"start":{"line":102,"column":8},"end":{"line":102,"column":12}},"43":{"start":{"line":103,"column":8},"end":{"line":105,"column":9}},"44":{"start":{"line":104,"column":10},"end":{"line":104,"column":58}},"45":{"start":{"line":107,"column":11},"end":{"line":114,"column":7}},"46":{"start":{"line":108,"column":8},"end":{"line":108,"column":12}},"47":{"start":{"line":109,"column":8},"end":{"line":109,"column":52}},"48":{"start":{"line":112,"column":8},"end":{"line":112,"column":12}},"49":{"start":{"line":113,"column":8},"end":{"line":113,"column":48}},"50":{"start":{"line":116,"column":4},"end":{"line":118,"column":5}},"51":{"start":{"line":117,"column":6},"end":{"line":117,"column":50}},"52":{"start":{"line":119,"column":4},"end":{"line":121,"column":5}},"53":{"start":{"line":120,"column":6},"end":{"line":120,"column":46}},"54":{"start":{"line":122,"column":4},"end":{"line":122,"column":16}},"55":{"start":{"line":126,"column":2},"end":{"line":151,"column":3}},"56":{"start":{"line":127,"column":4},"end":{"line":132,"column":5}},"57":{"start":{"line":133,"column":4},"end":{"line":150,"column":5}},"58":{"start":{"line":134,"column":6},"end":{"line":134,"column":34}},"59":{"start":{"line":135,"column":6},"end":{"line":148,"column":7}},"60":{"start":{"line":136,"column":8},"end":{"line":136,"column":31}},"61":{"start":{"line":137,"column":8},"end":{"line":146,"column":9}},"62":{"start":{"line":138,"column":10},"end":{"line":138,"column":33}},"63":{"start":{"line":139,"column":10},"end":{"line":139,"column":49}},"64":{"start":{"line":141,"column":10},"end":{"line":141,"column":80}},"65":{"start":{"line":142,"column":10},"end":{"line":144,"column":29}},"66":{"start":{"line":145,"column":10},"end":{"line":145,"column":20}},"67":{"start":{"line":147,"column":8},"end":{"line":147,"column":20}},"68":{"start":{"line":149,"column":6},"end":{"line":149,"column":76}},"69":{"start":{"line":154,"column":2},"end":{"line":156,"column":3}},"70":{"start":{"line":155,"column":4},"end":{"line":155,"column":50}},"71":{"start":{"line":172,"column":0},"end":{"line":172,"column":48}},"72":{"start":{"line":172,"column":6},"end":{"line":172,"column":32}}},"branchMap":{"1":{"line":26,"type":"if","locations":[{"start":{"line":26,"column":4},"end":{"line":26,"column":4}},{"start":{"line":26,"column":4},"end":{"line":26,"column":4}}]},"2":{"line":27,"type":"if","locations":[{"start":{"line":27,"column":6},"end":{"line":27,"column":6}},{"start":{"line":27,"column":6},"end":{"line":27,"column":6}}]},"3":{"line":30,"type":"if","locations":[{"start":{"line":30,"column":4},"end":{"line":30,"column":4}},{"start":{"line":30,"column":4},"end":{"line":30,"column":4}}]},"4":{"line":43,"type":"cond-expr","locations":[{"start":{"line":43,"column":40},"end":{"line":43,"column":41}},{"start":{"line":43,"column":44},"end":{"line":43,"column":45}}]},"5":{"line":95,"type":"binary-expr","locations":[{"start":{"line":95,"column":11},"end":{"line":95,"column":12}},{"start":{"line":95,"column":16},"end":{"line":95,"column":17}}]},"6":{"line":100,"type":"if","locations":[{"start":{"line":100,"column":6},"end":{"line":100,"column":6}},{"start":{"line":100,"column":6},"end":{"line":100,"column":6}}]},"7":{"line":100,"type":"binary-expr","locations":[{"start":{"line":100,"column":10},"end":{"line":100,"column":26}},{"start":{"line":100,"column":30},"end":{"line":100,"column":45}},{"start":{"line":100,"column":49},"end":{"line":100,"column":65}}]},"8":{"line":103,"type":"if","locations":[{"start":{"line":103,"column":8},"end":{"line":103,"column":8}},{"start":{"line":103,"column":8},"end":{"line":103,"column":8}}]},"9":{"line":107,"type":"if","locations":[{"start":{"line":107,"column":11},"end":{"line":107,"column":11}},{"start":{"line":107,"column":11},"end":{"line":107,"column":11}}]},"10":{"line":107,"type":"binary-expr","locations":[{"start":{"line":107,"column":15},"end":{"line":107,"column":26}},{"start":{"line":107,"column":30},"end":{"line":107,"column":42}}]},"11":{"line":133,"type":"if","locations":[{"start":{"line":133,"column":4},"end":{"line":133,"column":4}},{"start":{"line":133,"column":4},"end":{"line":133,"column":4}}]},"12":{"line":137,"type":"if","locations":[{"start":{"line":137,"column":8},"end":{"line":137,"column":8}},{"start":{"line":137,"column":8},"end":{"line":137,"column":8}}]},"13":{"line":137,"type":"binary-expr","locations":[{"start":{"line":137,"column":12},"end":{"line":137,"column":35}},{"start":{"line":137,"column":39},"end":{"line":137,"column":61}},{"start":{"line":137,"column":65},"end":{"line":137,"column":87}}]},"14":{"line":142,"type":"cond-expr","locations":[{"start":{"line":143,"column":12},"end":{"line":143,"column":27}},{"start":{"line":143,"column":31},"end":{"line":144,"column":27}}]},"15":{"line":143,"type":"cond-expr","locations":[{"start":{"line":144,"column":14},"end":{"line":144,"column":23}},{"start":{"line":144,"column":26},"end":{"line":144,"column":27}}]}}}}