TN:
SF:/home/webreflection/code/majinbuu/test.js
FN:9,test
FN:11,splice
FN:49,(anonymous_3)
FNF:3
FNH:3
FNDA:8,test
FNDA:27,splice
FNDA:4,(anonymous_3)
DA:1,1
DA:2,1
DA:4,1
DA:5,1
DA:7,1
DA:9,1
DA:10,8
DA:11,1
DA:12,27
DA:13,27
DA:15,8
DA:16,8
DA:17,8
DA:18,8
DA:19,8
DA:20,8
DA:21,8
DA:22,6
DA:23,6
DA:24,6
DA:25,6
DA:26,6
DA:27,6
DA:31,1
DA:32,1
DA:33,1
DA:35,1
DA:36,1
DA:37,1
DA:39,1
DA:40,1
DA:41,1
DA:42,1
DA:43,1
DA:45,1
DA:46,1
DA:47,1
DA:50,4
DA:51,4
DA:55,1
DA:57,1
DA:58,1
DA:59,1
DA:60,1
DA:62,1
DA:63,1
DA:64,1
DA:65,1
DA:67,1
DA:68,1
DA:69,1
DA:70,1
DA:71,1
DA:72,1
DA:73,1
DA:74,1
DA:75,1
LF:57
LH:57
BRDA:20,1,0,8
BRDA:20,1,1,1
BRDA:20,2,0,8
BRDA:20,2,1,2
BRDA:21,3,0,6
BRDA:21,3,1,2
BRDA:27,4,0,6
BRDA:27,4,1,1
BRF:8
BRH:8
end_of_record
TN:
SF:/home/webreflection/code/majinbuu/index.js
FN:1,(anonymous_1)
FN:17,majinbuu
FN:67,aura
FN:77,Aura
FN:84,addOperation
FN:95,getOperations
FN:135,performOperations
FN:163,splice
FNF:8
FNH:8
FNDA:2,(anonymous_1)
FNDA:17,majinbuu
FNDA:2,aura
FNDA:2,Aura
FNDA:59,addOperation
FNDA:14,getOperations
FNDA:14,performOperations
FNDA:4,splice
DA:1,2
DA:6,2
DA:17,1
DA:18,17
DA:28,17
DA:29,2
DA:30,2
DA:32,15
DA:33,1
DA:34,1
DA:36,14
DA:37,14
DA:38,14
DA:39,14
DA:40,14
DA:41,1077
DA:42,14
DA:43,1073
DA:44,1073
DA:45,1073
DA:46,1002463
DA:47,1002463
DA:48,1002463
DA:49,1002463
DA:54,1002463
DA:56,1073
DA:58,14
DA:67,2
DA:68,2
DA:69,2
DA:72,2
DA:77,1
DA:78,2
DA:79,2
DA:80,2
DA:84,1
DA:85,59
DA:95,1
DA:96,14
DA:104,14
DA:105,1074
DA:106,1074
DA:107,1074
DA:108,1074
DA:109,1074
DA:110,1060
DA:111,1060
DA:112,1060
DA:113,29
DA:116,14
DA:117,7
DA:118,7
DA:121,7
DA:122,7
DA:125,14
DA:126,10
DA:128,14
DA:129,6
DA:131,14
DA:135,1
DA:136,14
DA:142,14
DA:143,13
DA:144,13
DA:145,46
DA:146,46
DA:147,30
DA:148,30
DA:150,16
DA:151,16
DA:154,16
DA:156,46
DA:158,13
DA:163,1
DA:164,4
DA:181,2
LF:76
LH:76
BRDA:11,1,0,1
BRDA:11,1,1,1
BRDA:12,2,0,2
BRDA:12,2,1,1
BRDA:28,3,0,2
BRDA:28,3,1,15
BRDA:29,4,0,1
BRDA:29,4,1,1
BRDA:32,5,0,1
BRDA:32,5,1,14
BRDA:48,6,0,1002067
BRDA:48,6,1,396
BRDA:49,7,0,500659
BRDA:49,7,1,501804
BRDA:50,8,0,43
BRDA:50,8,1,500616
BRDA:52,9,0,48
BRDA:52,9,1,501756
BRDA:104,10,0,1088
BRDA:104,10,1,1080
BRDA:109,11,0,1060
BRDA:109,11,1,14
BRDA:109,12,0,1074
BRDA:109,12,1,1065
BRDA:109,12,2,1060
BRDA:112,13,0,29
BRDA:112,13,1,1031
BRDA:116,14,0,7
BRDA:116,14,1,7
BRDA:116,15,0,14
BRDA:116,15,1,8
BRDA:142,16,0,13
BRDA:142,16,1,1
BRDA:146,17,0,30
BRDA:146,17,1,16
BRDA:146,18,0,46
BRDA:146,18,1,37
BRDA:146,18,2,30
BRDA:151,19,0,6
BRDA:151,19,1,10
BRDA:152,20,0,3
BRDA:152,20,1,7
BRF:42
BRH:42
end_of_record
