TN:
SF:/home/webreflection/code/majinbuu/test.js
FN:6,test
FN:8,splice
FN:41,(anonymous_3)
FN:63,(anonymous_4)
FNF:4
FNH:4
FNDA:8,test
FNDA:26,splice
FNDA:4,(anonymous_3)
FNDA:1,(anonymous_4)
DA:1,1
DA:2,1
DA:4,1
DA:6,1
DA:7,8
DA:8,1
DA:9,26
DA:10,26
DA:12,8
DA:13,8
DA:14,8
DA:15,8
DA:16,8
DA:17,8
DA:18,8
DA:19,6
DA:20,6
DA:21,6
DA:22,6
DA:23,6
DA:24,6
DA:28,1
DA:29,1
DA:30,1
DA:31,1
DA:32,1
DA:33,1
DA:34,1
DA:35,1
DA:37,1
DA:38,1
DA:39,1
DA:42,4
DA:43,4
DA:47,1
DA:49,1
DA:50,1
DA:51,1
DA:52,1
DA:54,1
DA:55,1
DA:56,1
DA:57,1
DA:59,1
DA:60,1
DA:61,1
DA:64,1
LF:47
LH:47
BRDA:17,1,0,8
BRDA:17,1,1,1
BRDA:17,2,0,8
BRDA:17,2,1,2
BRDA:18,3,0,6
BRDA:18,3,1,2
BRDA:24,4,0,6
BRDA:24,4,1,1
BRDA:65,5,0,1
BRDA:65,5,1,1
BRDA:65,5,2,1
BRF:11
BRH:11
end_of_record
TN:
SF:/home/webreflection/code/majinbuu/index.js
FN:1,(anonymous_1)
FN:15,majinbuu
FN:62,aura
FN:72,Aura
FN:79,addOperation
FN:90,getOperations
FN:130,performOperations
FN:158,splice
FNF:8
FNH:8
FNDA:1,(anonymous_1)
FNDA:17,majinbuu
FNDA:3,aura
FNDA:3,Aura
FNDA:51,addOperation
FNDA:13,getOperations
FNDA:13,performOperations
FNDA:5,splice
DA:1,1
DA:6,1
DA:15,1
DA:16,17
DA:27,17
DA:28,3
DA:29,2
DA:31,3
DA:33,14
DA:34,1
DA:35,1
DA:37,13
DA:38,76
DA:39,13
DA:40,72
DA:41,72
DA:42,72
DA:43,72
DA:44,462
DA:49,462
DA:51,72
DA:53,13
DA:62,1
DA:63,3
DA:64,3
DA:67,1
DA:72,1
DA:73,3
DA:74,3
DA:75,3
DA:79,1
DA:80,51
DA:90,1
DA:91,13
DA:99,13
DA:100,77
DA:101,77
DA:102,77
DA:103,77
DA:104,77
DA:105,61
DA:106,61
DA:107,61
DA:108,25
DA:111,16
DA:112,9
DA:113,9
DA:116,7
DA:117,7
DA:120,13
DA:121,6
DA:123,13
DA:124,4
DA:126,13
DA:130,1
DA:131,13
DA:137,13
DA:138,12
DA:139,12
DA:140,39
DA:141,39
DA:142,23
DA:143,23
DA:145,16
DA:146,16
DA:149,16
DA:151,39
DA:153,12
DA:158,1
DA:159,5
DA:176,1
LF:71
LH:71
BRDA:20,1,0,17
BRDA:20,1,1,16
BRDA:27,2,0,3
BRDA:27,2,1,14
BRDA:27,3,0,17
BRDA:27,3,1,16
BRDA:28,4,0,2
BRDA:28,4,1,1
BRDA:28,5,0,3
BRDA:28,5,1,2
BRDA:33,6,0,1
BRDA:33,6,1,13
BRDA:47,7,0,66
BRDA:47,7,1,396
BRDA:99,8,0,90
BRDA:99,8,1,81
BRDA:104,9,0,61
BRDA:104,9,1,16
BRDA:104,10,0,77
BRDA:104,10,1,68
BRDA:104,10,2,61
BRDA:107,11,0,25
BRDA:107,11,1,36
BRDA:111,12,0,9
BRDA:111,12,1,7
BRDA:111,13,0,16
BRDA:111,13,1,9
BRDA:137,14,0,12
BRDA:137,14,1,1
BRDA:141,15,0,23
BRDA:141,15,1,16
BRDA:141,16,0,39
BRDA:141,16,1,30
BRDA:141,16,2,23
BRDA:146,17,0,5
BRDA:146,17,1,11
BRDA:147,18,0,3
BRDA:147,18,1,8
BRF:38
BRH:38
end_of_record
